[2019-08-06 22:43:08] slim-app.INFO: Slim-Skeleton '/' route [] {"uid":"0e29784"}
[2019-08-06 22:44:22] slim-app.INFO: Slim-Skeleton '/' route [] {"uid":"17f33df"}
[2019-08-06 22:44:57] slim-app.INFO: Slim-Skeleton '/' route [] {"uid":"c117911"}
[2019-08-06 22:47:02] slim-app.INFO: Slim-Skeleton '/' route [] {"uid":"a9bea4f"}
[2019-08-06 22:48:03] slim-app.INFO: Slim-Skeleton '/' route [] {"uid":"ed97fff"}
[2019-08-06 22:48:58] slim-app.INFO: Slim-Skeleton '/' route [] {"uid":"6b4e100"}
[2019-08-06 22:49:11] slim-app.INFO: Slim-Skeleton '/' route [] {"uid":"bfc61f8"}
[2019-08-06 22:50:14] slim-app.INFO: Slim-Skeleton '/' route [] {"uid":"a0480c0"}
[2019-08-06 22:50:22] slim-app.INFO: Slim-Skeleton '/' route [] {"uid":"a6b0163"}
[2019-08-06 22:51:19] slim-app.INFO: Slim-Skeleton '/' route [] {"uid":"370f565"}
[2019-08-06 22:51:47] slim-app.INFO: Slim-Skeleton '/' route [] {"uid":"ad8fd96"}
[2019-08-06 22:52:24] slim-app.INFO: Slim-Skeleton '/' route [] {"uid":"e4a0c58"}
[2019-08-06 22:53:10] slim-app.INFO: Slim-Skeleton '/' route [] {"uid":"b04709c"}
[2019-08-06 22:53:39] slim-app.INFO: Slim-Skeleton '/' route [] {"uid":"5679909"}
[2019-08-06 23:03:24] slim-app.INFO: Slim-Skeleton '/' route [] {"uid":"681a550"}
[2019-08-06 23:04:42] slim-app.INFO: Slim-Skeleton '/' route [] {"uid":"c2343ee"}
[2019-08-07 07:41:22] slim-app.INFO: Slim-Skeleton '/' route [] {"uid":"990141f"}
[2019-08-07 07:42:15] slim-app.INFO: Slim-Skeleton '/' route [] {"uid":"353736b"}
[2019-08-07 07:45:18] slim-app.INFO: Slim-Skeleton '/' route [] {"uid":"ebb262f"}
[2019-08-07 07:48:05] slim-app.INFO: Slim-Skeleton '/' route [] {"uid":"1f7364f"}
[2019-08-07 07:48:19] slim-app.INFO: Slim-Skeleton '/' route [] {"uid":"3cbfe65"}
[2019-08-07 07:48:53] slim-app.INFO: Slim-Skeleton '/' route [] {"uid":"f292ca1"}
[2019-08-07 07:52:25] slim-app.INFO: Slim-Skeleton '/' route [] {"uid":"5cbe5de"}
[2019-08-07 07:53:21] slim-app.INFO: Slim-Skeleton '/' route [] {"uid":"857f865"}
[2019-08-07 07:54:00] slim-app.INFO: Slim-Skeleton '/' route [] {"uid":"fdd1e04"}
[2019-08-07 08:01:22] slim-app.INFO: Slim-Skeleton '/' route [] {"uid":"533d188"}
[2019-08-07 08:09:58] slim-app.INFO: Slim-Skeleton '/' route [] {"uid":"01bda55"}
[2019-08-07 08:11:57] slim-app.INFO: Slim-Skeleton '/' route [] {"uid":"c09fc96"}
[2019-08-07 08:12:00] slim-app.INFO: Slim-Skeleton '/blogs/id' route [] {"uid":"f9f430f"}
[2019-08-07 08:12:04] slim-app.INFO: Slim-Skeleton '/' route [] {"uid":"a722096"}
[2019-08-07 08:12:42] slim-app.INFO: Slim-Skeleton '/' route [] {"uid":"9d19131"}
[2019-08-07 08:13:09] slim-app.INFO: Slim-Skeleton '/' route [] {"uid":"1a78ed3"}
[2019-08-07 08:14:01] slim-app.INFO: Slim-Skeleton '/' route [] {"uid":"4223fd3"}
[2019-08-07 08:17:49] slim-app.INFO: Slim-Skeleton '/' route [] {"uid":"7484012"}
[2019-08-07 08:18:14] slim-app.INFO: Slim-Skeleton '/' route [] {"uid":"7565967"}
[2019-08-07 08:19:17] slim-app.INFO: Slim-Skeleton '/' route [] {"uid":"9f67c69"}
[2019-08-07 08:19:21] slim-app.INFO: Slim-Skeleton '/' route [] {"uid":"57c66da"}
[2019-08-07 08:19:54] slim-app.INFO: Slim-Skeleton '/' route [] {"uid":"d012921"}
[2019-08-07 08:19:56] slim-app.INFO: Slim-Skeleton '/blogs/id' route [] {"uid":"b4cd2ad"}
[2019-08-07 08:20:26] slim-app.INFO: Slim-Skeleton '/' route [] {"uid":"e3b9dd3"}
[2019-08-07 08:22:38] slim-app.INFO: Slim-Skeleton '/' route [] {"uid":"6bc787d"}
[2019-08-07 08:23:12] slim-app.INFO: Slim-Skeleton '/' route [] {"uid":"ddec8fd"}
[2019-08-07 08:23:39] slim-app.INFO: Slim-Skeleton '/' route [] {"uid":"996d3dc"}
[2019-08-07 08:24:01] slim-app.INFO: Slim-Skeleton '/' route [] {"uid":"323efea"}
[2019-08-07 08:24:07] slim-app.INFO: Slim-Skeleton '/' route [] {"uid":"94d853a"}
[2019-08-07 08:25:15] slim-app.INFO: Slim-Skeleton '/' route [] {"uid":"9bfba54"}
[2019-08-07 08:25:22] slim-app.INFO: Slim-Skeleton '/' route [] {"uid":"3caa44e"}
[2019-08-07 08:25:23] slim-app.INFO: Slim-Skeleton '/' route [] {"uid":"5f2c4f5"}
[2019-08-07 08:25:42] slim-app.INFO: Slim-Skeleton '/' route [] {"uid":"5783c72"}
[2019-08-07 08:26:52] slim-app.INFO: Slim-Skeleton '/' route [] {"uid":"5891d70"}
[2019-08-07 08:28:02] slim-app.INFO: Slim-Skeleton '/' route [] {"uid":"692b10e"}
[2019-08-07 08:29:25] slim-app.INFO: Slim-Skeleton '/' route [] {"uid":"39e8bd2"}
[2019-08-07 08:29:33] slim-app.INFO: Slim-Skeleton '/blogs/id' route [] {"uid":"923191f"}
[2019-08-07 08:29:35] slim-app.INFO: Slim-Skeleton '/' route [] {"uid":"ae05a79"}
[2019-08-07 08:29:50] slim-app.INFO: Slim-Skeleton '/' route [] {"uid":"5293b55"}
[2019-08-07 08:29:53] slim-app.INFO: Slim-Skeleton '/blogs/id' route [] {"uid":"f3fa12e"}
[2019-08-07 08:29:56] slim-app.INFO: Slim-Skeleton '/' route [] {"uid":"1b95bf5"}
[2019-08-07 08:30:05] slim-app.INFO: Slim-Skeleton '/' route [] {"uid":"b4785a4"}
[2019-08-07 08:30:51] slim-app.INFO: Slim-Skeleton '/' route [] {"uid":"21d33fe"}
[2019-08-07 08:58:49] slim-app.INFO: Slim-Skeleton '/blogs/id' route [] {"uid":"ea38419"}
[2019-08-07 08:59:01] slim-app.INFO: Slim-Skeleton '/' route [] {"uid":"59ba57f"}
[2019-08-07 08:59:43] slim-app.INFO: Slim-Skeleton '/' route [] {"uid":"50af2a6"}
[2019-08-07 09:00:22] slim-app.INFO: Slim-Skeleton '/' route [] {"uid":"2cf82d3"}
[2019-08-07 09:00:24] slim-app.INFO: Slim-Skeleton '/' route [] {"uid":"ece47ff"}
[2019-08-07 09:01:38] slim-app.INFO: Slim-Skeleton '/' route [] {"uid":"36d37c4"}
[2019-08-07 09:01:41] slim-app.INFO: Slim-Skeleton '/blogs/new' route [] {"uid":"812276f"}
[2019-08-07 09:01:44] slim-app.INFO: Slim-Skeleton '/' route [] {"uid":"c2d0634"}
[2019-08-07 09:01:45] slim-app.INFO: Slim-Skeleton '/blogs/id' route [] {"uid":"8d3d723"}
[2019-08-07 09:02:27] slim-app.INFO: Slim-Skeleton '/' route [] {"uid":"5595a5a"}
[2019-08-07 09:02:42] slim-app.INFO: Slim-Skeleton '/blogs/new' route [] {"uid":"d9a2b99"}
[2019-08-07 09:02:45] slim-app.INFO: Slim-Skeleton '/' route [] {"uid":"3ed59fc"}
[2019-08-07 09:02:46] slim-app.INFO: Slim-Skeleton '/blogs/id' route [] {"uid":"0356ce2"}
[2019-08-07 09:03:10] slim-app.INFO: Slim-Skeleton '/' route [] {"uid":"1ab5c88"}
[2019-08-07 09:15:25] slim-app.INFO: Slim-Skeleton '/' route [] {"uid":"b937179"}
[2019-08-07 09:15:26] slim-app.INFO: Slim-Skeleton '/blogs/id' route [] {"uid":"9d9da5b"}
[2019-08-07 09:16:16] slim-app.INFO: Slim-Skeleton '/blogs/id' route [] {"uid":"b79ea43"}
[2019-08-07 09:16:37] slim-app.INFO: Slim-Skeleton '/blogs/id' route [] {"uid":"f0f7373"}
[2019-08-07 09:16:42] slim-app.INFO: Slim-Skeleton '/blogs/id' route [] {"uid":"ebf1a3e"}
[2019-08-07 09:16:43] slim-app.INFO: Slim-Skeleton '/' route [] {"uid":"091eca3"}
[2019-08-07 09:16:46] slim-app.INFO: Slim-Skeleton '/blogs/id' route [] {"uid":"97883ce"}
[2019-08-07 09:17:54] slim-app.INFO: Slim-Skeleton '/blogs/id' route [] {"uid":"94fd11e"}
[2019-08-07 09:17:55] slim-app.INFO: Slim-Skeleton '/blogs/id' route [] {"uid":"85809c1"}
[2019-08-07 09:20:01] slim-app.INFO: Slim-Skeleton '/blogs/id' route [] {"uid":"eab8b56"}
[2019-08-07 09:20:26] slim-app.INFO: Slim-Skeleton '/blogs/id' route [] {"uid":"ff61848"}
[2019-08-07 09:20:36] slim-app.INFO: Slim-Skeleton '/blogs/id' route [] {"uid":"e524ced"}
[2019-08-07 09:20:37] slim-app.INFO: Slim-Skeleton '/blogs/id' route [] {"uid":"39401a8"}
[2019-08-07 09:20:53] slim-app.INFO: Slim-Skeleton '/' route [] {"uid":"2def780"}
[2019-08-07 09:20:55] slim-app.INFO: Slim-Skeleton '/blogs/new' route [] {"uid":"87a0ac0"}
[2019-08-07 09:20:59] slim-app.INFO: Slim-Skeleton '/' route [] {"uid":"43ad5a2"}
[2019-08-07 09:20:59] slim-app.INFO: Slim-Skeleton '/blogs/id' route [] {"uid":"2aa4add"}
[2019-08-07 09:24:10] slim-app.INFO: Slim-Skeleton '/blogs/id' route [] {"uid":"22d9589"}
[2019-08-07 09:25:23] slim-app.INFO: Slim-Skeleton '/blogs/id' route [] {"uid":"2c22227"}
[2019-08-07 09:25:27] slim-app.INFO: Slim-Skeleton '/' route [] {"uid":"00b3922"}
[2019-08-07 09:25:29] slim-app.INFO: Slim-Skeleton '/blogs/id' route [] {"uid":"8c48214"}
[2019-08-07 09:34:17] slim-app.INFO: Slim-Skeleton '/blogs/id' route [] {"uid":"7e6f4a5"}
[2019-08-07 09:37:58] slim-app.INFO: Slim-Skeleton '/blogs/id' route [] {"uid":"e0e08ad"}
[2019-08-07 09:40:58] slim-app.INFO: Slim-Skeleton '/blogs/id' route [] {"uid":"7da8ae4"}
[2019-08-07 09:41:09] slim-app.INFO: Slim-Skeleton '/' route [] {"uid":"943cfc3"}
[2019-08-07 09:41:11] slim-app.INFO: Slim-Skeleton '/' route [] {"uid":"43aec28"}
[2019-08-07 09:41:18] slim-app.INFO: Slim-Skeleton '/blogs/id' route [] {"uid":"84b4c93"}
[2019-08-07 09:42:24] slim-app.INFO: Slim-Skeleton '/blogs/id' route [] {"uid":"fe9a77b"}
[2019-08-07 15:39:35] slim-app.INFO: Slim-Skeleton '/' route [] {"uid":"f13b400"}
[2019-08-07 15:39:40] slim-app.INFO: Slim-Skeleton '/blogs/new' route [] {"uid":"64d8a72"}
[2019-08-07 15:39:42] slim-app.INFO: Slim-Skeleton '/blogs/new' route [] {"uid":"c50cc42"}
[2019-08-07 15:39:44] slim-app.INFO: Slim-Skeleton '/' route [] {"uid":"c56a623"}
[2019-08-07 15:39:45] slim-app.INFO: Slim-Skeleton '/blogs/id' route [] {"uid":"deaa34d"}
[2019-08-07 15:39:48] slim-app.INFO: Slim-Skeleton '/blogs/id/edit' route [] {"uid":"9415503"}
[2019-08-07 15:39:50] slim-app.INFO: Slim-Skeleton '/blogs/id' route [] {"uid":"7b593e3"}
[2019-08-07 18:07:46] slim-app.INFO: Slim-Skeleton '/blogs/id' route [] {"uid":"5016606"}
[2019-08-07 18:07:49] slim-app.INFO: Slim-Skeleton '/blogs/id/edit' route [] {"uid":"b28c83e"}
[2019-08-07 18:07:56] slim-app.INFO: Slim-Skeleton '/blogs/id' route [] {"uid":"9eba25c"}
[2019-08-07 18:09:28] slim-app.INFO: Slim-Skeleton '/blogs/id' route [] {"uid":"5c58626"}
[2019-08-07 18:10:53] slim-app.INFO: Slim-Skeleton '/blogs/id' route [] {"uid":"2652b7a"}
[2019-08-07 18:11:15] slim-app.INFO: Slim-Skeleton '/blogs/id' route [] {"uid":"0887c16"}
[2019-08-07 18:27:45] slim-app.INFO: Slim-Skeleton '/blogs/id' route [] {"uid":"1217d15"}
[2019-08-07 18:28:16] slim-app.INFO: Slim-Skeleton '/blogs/id' route [] {"uid":"60b8357"}
[2019-08-07 18:29:36] slim-app.INFO: Slim-Skeleton '/blogs/id' route [] {"uid":"f68ce9f"}
[2019-08-07 18:29:55] slim-app.INFO: Slim-Skeleton '/blogs/id' route [] {"uid":"f490ad4"}
[2019-08-07 18:30:40] slim-app.INFO: Slim-Skeleton '/blogs/id' route [] {"uid":"a02903f"}
[2019-08-07 18:31:12] slim-app.INFO: Slim-Skeleton '/blogs/id' route [] {"uid":"d54aff0"}
[2019-08-07 18:31:43] slim-app.INFO: Slim-Skeleton '/' route [] {"uid":"b8b8ef2"}
[2019-08-07 18:31:45] slim-app.INFO: Slim-Skeleton '/blogs/id' route [] {"uid":"4d62e1a"}
[2019-08-07 18:54:08] slim-app.INFO: Slim-Skeleton '/blogs/id' route [] {"uid":"f0e820e"}
[2019-08-07 19:30:23] slim-app.INFO: Slim-Skeleton '/blogs/id' route [] {"uid":"2b94e05"}
[2019-08-07 19:31:13] slim-app.INFO: Slim-Skeleton '/blogs/id' route [] {"uid":"b8318c4"}
[2019-08-07 19:31:15] slim-app.INFO: Slim-Skeleton '/' route [] {"uid":"24352c0"}
[2019-08-07 19:32:28] slim-app.INFO: Slim-Skeleton '/' route [] {"uid":"92bca3d"}
[2019-08-07 19:35:28] slim-app.INFO: Slim-Skeleton '/' route [] {"uid":"5c26813"}
[2019-08-07 19:35:37] slim-app.INFO: Slim-Skeleton '/' route [] {"uid":"06a49e0"}
[2019-08-07 20:07:56] slim-app.INFO: Slim-Skeleton '/' route [] {"uid":"2e0adde"}
[2019-08-07 20:08:05] slim-app.INFO: Slim-Skeleton '/blogs/id' route [] {"uid":"c595654"}
[2019-08-07 20:08:07] slim-app.INFO: Slim-Skeleton '/blogs/new' route [] {"uid":"21c8a2c"}
[2019-08-07 20:08:09] slim-app.INFO: Slim-Skeleton '/' route [] {"uid":"79acdaa"}
[2019-08-07 20:08:10] slim-app.INFO: Slim-Skeleton '/blogs/id' route [] {"uid":"0d7d55a"}
[2019-08-07 20:08:48] slim-app.INFO: Slim-Skeleton '/blogs/id' route [] {"uid":"b340f8a"}
[2019-08-07 20:08:59] slim-app.INFO: Slim-Skeleton '/blogs/id' route [] {"uid":"00afd43"}
[2019-08-07 20:16:18] slim-app.INFO: Slim-Skeleton '/blogs/id' route [] {"uid":"d95bb09"}
[2019-08-07 20:33:55] slim-app.INFO: Slim-Skeleton '/blogs/id' route [] {"uid":"f3f8f84"}
[2019-08-07 20:39:09] slim-app.INFO: Slim-Skeleton '/blogs/id' route [] {"uid":"0c854a5"}
[2019-08-07 20:39:27] slim-app.INFO: Slim-Skeleton '/' route [] {"uid":"5909bda"}
[2019-08-07 20:39:30] slim-app.INFO: Slim-Skeleton '/blogs/new' route [] {"uid":"03f5a91"}
[2019-08-07 20:45:15] slim-app.INFO: Slim-Skeleton '/blogs/new' route [] {"uid":"dc7b87d"}
[2019-08-07 20:45:22] slim-app.INFO: Slim-Skeleton '/blogs/new' route [] {"uid":"aab6c8b"}
[2019-08-07 21:33:58] slim-app.INFO: Slim-Skeleton '/blogs/new' route [] {"uid":"0fd5d51"}
[2019-08-07 21:36:15] slim-app.INFO: Slim-Skeleton '/blogs/new' route [] {"uid":"d8f8659"}
[2019-08-07 21:36:20] slim-app.INFO: Slim-Skeleton '/blogs/new' route [] {"uid":"58c72b4"}
[2019-08-07 21:37:08] slim-app.INFO: Slim-Skeleton '/blogs/new' route [] {"uid":"807fb76"}
[2019-08-07 21:37:50] slim-app.INFO: Slim-Skeleton '/blogs/new' route [] {"uid":"03c47b0"}
[2019-08-07 21:40:37] slim-app.INFO: Slim-Skeleton '/blogs/new' route [] {"uid":"f0e4584"}
[2019-08-07 21:43:13] slim-app.INFO: Slim-Skeleton '/blogs/new' route [] {"uid":"e8b30d0"}
[2019-08-07 21:48:11] slim-app.INFO: Slim-Skeleton '/blogs/new' route [] {"uid":"4c4bfc6"}
[2019-08-07 21:48:13] slim-app.INFO: Slim-Skeleton '/' route [] {"uid":"4abb472"}
[2019-08-07 21:49:06] slim-app.INFO: Slim-Skeleton '/' route [] {"uid":"74dac39"}
[2019-08-07 21:49:07] slim-app.INFO: Slim-Skeleton '/' route [] {"uid":"c02b775"}
[2019-08-07 21:50:15] slim-app.INFO: Slim-Skeleton '/blogs/new' route [] {"uid":"042c02e"}
[2019-08-07 21:50:17] slim-app.INFO: Slim-Skeleton '/blogs/new' route [] {"uid":"702c4c8"}
[2019-08-07 21:50:18] slim-app.INFO: Slim-Skeleton '/' route [] {"uid":"a82fd06"}
[2019-08-07 21:50:19] slim-app.INFO: Slim-Skeleton '/blogs/id' route [] {"uid":"8e900be"}
[2019-08-07 21:50:55] slim-app.INFO: Slim-Skeleton '/blogs/id' route [] {"uid":"40cf706"}
[2019-08-07 21:51:14] slim-app.INFO: Slim-Skeleton '/blogs/new' route [] {"uid":"3371dd9"}
[2019-08-07 21:51:20] slim-app.INFO: Slim-Skeleton '/blogs/new' route [] {"uid":"f00d216"}
[2019-08-07 21:55:53] slim-app.INFO: Slim-Skeleton '/blogs/new' route [] {"uid":"67228e2"}
[2019-08-07 21:56:02] slim-app.INFO: Slim-Skeleton '/blogs/new' route [] {"uid":"4fe012a"}
[2019-08-07 21:56:20] slim-app.INFO: Slim-Skeleton '/blogs/new' route [] {"uid":"42c3353"}
[2019-08-07 23:14:16] slim-app.INFO: Slim-Skeleton '/blogs/new' route [] {"uid":"ba65653"}
[2019-08-07 23:15:16] slim-app.INFO: Slim-Skeleton '/blogs/new' route [] {"uid":"0af9b7e"}
[2019-08-07 23:15:54] slim-app.INFO: Slim-Skeleton '/blogs/new' route [] {"uid":"0e1dd07"}
[2019-08-07 23:15:58] slim-app.INFO: Slim-Skeleton '/blogs/new' route [] {"uid":"6aa4569"}
[2019-08-07 23:16:53] slim-app.INFO: Slim-Skeleton '/blogs/new' route [] {"uid":"5c56eca"}
[2019-08-07 23:16:56] slim-app.INFO: Slim-Skeleton '/blogs/new' route [] {"uid":"c7b78cf"}
[2019-08-07 23:29:07] slim-app.INFO: Slim-Skeleton '/blogs/new' route [] {"uid":"08359b3"}
[2019-08-07 23:29:08] slim-app.INFO: Slim-Skeleton '/blogs/id' route [] {"uid":"19ee1f4"}
[2019-08-07 23:29:13] slim-app.INFO: Slim-Skeleton '/blogs/new' route [] {"uid":"db1b249"}
[2019-08-07 23:31:41] slim-app.INFO: Slim-Skeleton '/blogs/new' route [] {"uid":"938fafe"}
[2019-08-07 23:34:24] slim-app.INFO: Slim-Skeleton '/' route [] {"uid":"cc6a61e"}
[2019-08-07 23:34:26] slim-app.INFO: Slim-Skeleton '/blogs/new' route [] {"uid":"290d31d"}
[2019-08-07 23:34:27] slim-app.INFO: Slim-Skeleton '/blogs/id' route [] {"uid":"6da0dc5"}
[2019-08-07 23:34:28] slim-app.INFO: Slim-Skeleton '/blogs/new' route [] {"uid":"4aec1f2"}
[2019-08-07 23:37:00] slim-app.INFO: Slim-Skeleton '/' route [] {"uid":"9789ca7"}
[2019-08-07 23:37:52] slim-app.INFO: Slim-Skeleton '/blogs/new' route [] {"uid":"ae9f0e4"}
[2019-08-07 23:40:20] slim-app.INFO: Slim-Skeleton '/' route [] {"uid":"f51b6d4"}
[2019-08-07 23:40:22] slim-app.INFO: Slim-Skeleton '/blogs/new' route [] {"uid":"d06eb63"}
[2019-08-07 23:41:10] slim-app.INFO: Slim-Skeleton '/' route [] {"uid":"a91de27"}
[2019-08-07 23:55:21] slim-app.INFO: Slim-Skeleton '/blogs/new' route [] {"uid":"7093a89"}
[2019-08-07 23:55:21] slim-app.INFO: Slim-Skeleton '/blogs/new' route [] {"uid":"ac7e779"}
[2019-08-08 06:54:16] slim-app.INFO: Slim-Skeleton '/' route [] {"uid":"04f0c4a"}
[2019-08-08 06:54:20] slim-app.INFO: Slim-Skeleton '/blogs/new' route [] {"uid":"b3abd15"}
[2019-08-08 07:09:26] slim-app.INFO: Slim-Skeleton '/blogs/new' route [] {"uid":"14ba124"}
[2019-08-08 07:09:29] slim-app.INFO: Slim-Skeleton '/' route [] {"uid":"7c14bb6"}
[2019-08-08 07:09:52] slim-app.INFO: Slim-Skeleton '/' route [] {"uid":"a8a7ce5"}
[2019-08-08 07:11:58] slim-app.INFO: Slim-Skeleton '/' route [] {"uid":"3cb74a0"}
[2019-08-08 07:12:19] slim-app.INFO: Slim-Skeleton '/blogs/new' route [] {"uid":"490b227"}
[2019-08-08 07:19:04] slim-app.INFO: Slim-Skeleton '/blogs/new' route [] {"uid":"a6d44ba"}
[2019-08-08 07:19:08] slim-app.INFO: Slim-Skeleton '/blogs/new' route [] {"uid":"e963863"}
[2019-08-08 07:19:14] slim-app.INFO: Slim-Skeleton '/' route [] {"uid":"ab41d88"}
[2019-08-08 07:19:20] slim-app.INFO: Slim-Skeleton '/blogs/id' route [] {"uid":"1d840de"}
[2019-08-08 07:19:34] slim-app.INFO: Slim-Skeleton '/blogs/id/edit' route [] {"uid":"3b849a0"}
[2019-08-08 07:19:38] slim-app.INFO: Slim-Skeleton '/blogs/id' route [] {"uid":"7784b5f"}
[2019-08-08 07:19:39] slim-app.INFO: Slim-Skeleton '/' route [] {"uid":"1b7215a"}
[2019-08-08 07:19:40] slim-app.INFO: Slim-Skeleton '/blogs/id' route [] {"uid":"8423624"}
[2019-08-08 07:19:43] slim-app.INFO: Slim-Skeleton '/blogs/id/edit' route [] {"uid":"bb6ae03"}
[2019-08-08 07:20:41] slim-app.INFO: Slim-Skeleton '/blogs/new' route [] {"uid":"1489a55"}
[2019-08-08 07:20:41] slim-app.INFO: Slim-Skeleton '/blogs/new' route [] {"uid":"693b75f"}
[2019-08-08 07:20:43] slim-app.INFO: Slim-Skeleton '/' route [] {"uid":"8b77757"}
[2019-08-08 09:26:22] slim-app.INFO: Slim-Skeleton '/blogs/id' route [] {"uid":"cb2c044"}
[2019-08-08 09:26:31] slim-app.INFO: Slim-Skeleton '/blogs/id/edit' route [] {"uid":"cc4a56a"}
[2019-08-08 09:28:47] slim-app.INFO: Slim-Skeleton '/blogs/id' route [] {"uid":"ca77359"}
[2019-08-08 09:28:50] slim-app.INFO: Slim-Skeleton '/blogs/id/edit' route [] {"uid":"4b419c0"}
[2019-08-08 09:32:37] slim-app.INFO: Slim-Skeleton '/blogs/id/edit' route [] {"uid":"c591da0"}
[2019-08-08 09:32:39] slim-app.INFO: Slim-Skeleton '/blogs/id/edit' route [] {"uid":"f182661"}
[2019-08-08 09:32:40] slim-app.INFO: Slim-Skeleton '/blogs/id' route [] {"uid":"8f7dd0a"}
[2019-08-08 09:32:43] slim-app.INFO: Slim-Skeleton '/blogs/id/edit' route [] {"uid":"cd03461"}
[2019-08-08 09:33:38] slim-app.INFO: Slim-Skeleton '/blogs/new' route [] {"uid":"34b9806"}
[2019-08-08 09:33:42] slim-app.INFO: Slim-Skeleton '/blogs/id/edit' route [] {"uid":"96e5763"}
[2019-08-08 09:34:11] slim-app.INFO: Slim-Skeleton '/blogsslug/edit' route [] {"uid":"938af2f"}
[2019-08-08 09:34:30] slim-app.INFO: Slim-Skeleton '/blogsslug/edit' route [] {"uid":"d576d10"}
[2019-08-08 09:34:56] slim-app.INFO: Slim-Skeleton '/blogs/new' route [] {"uid":"d6db5f5"}
[2019-08-08 09:36:19] slim-app.INFO: Slim-Skeleton '/blogs/new' route [] {"uid":"2a7d286"}
[2019-08-08 09:36:21] slim-app.INFO: Slim-Skeleton '/blogs/new' route [] {"uid":"315b8ca"}
[2019-08-08 09:37:03] slim-app.INFO: Slim-Skeleton '/' route [] {"uid":"dec3c7b"}
[2019-08-08 09:37:03] slim-app.INFO: Slim-Skeleton '/' route [] {"uid":"4f93087"}
[2019-08-08 09:37:05] slim-app.INFO: Slim-Skeleton '/blogs/slug' route [] {"uid":"be22776"}
[2019-08-08 09:38:26] slim-app.INFO: Slim-Skeleton '/blogs/slug' route [] {"uid":"0a67a58"}
[2019-08-08 09:38:29] slim-app.INFO: Slim-Skeleton '/blogsslug/edit' route [] {"uid":"3169f33"}
[2019-08-08 09:38:45] slim-app.INFO: Slim-Skeleton '/blogs/slug' route [] {"uid":"e809e6d"}
[2019-08-08 09:39:53] slim-app.INFO: Slim-Skeleton '/blogs/slug' route [] {"uid":"6426eac"}
[2019-08-08 09:40:50] slim-app.INFO: Slim-Skeleton '/blogs/slug' route [] {"uid":"72b6ba3"}
[2019-08-08 09:40:56] slim-app.INFO: Slim-Skeleton '/' route [] {"uid":"3cd4c07"}
[2019-08-08 09:40:58] slim-app.INFO: Slim-Skeleton '/blogs/slug' route [] {"uid":"3d69100"}
[2019-08-08 09:41:22] slim-app.INFO: Slim-Skeleton '/blogsslug/edit' route [] {"uid":"01f061b"}
[2019-08-08 09:41:35] slim-app.INFO: Slim-Skeleton '/blogs/slug' route [] {"uid":"2e16066"}
[2019-08-08 09:42:28] slim-app.INFO: Slim-Skeleton '/blogs/new' route [] {"uid":"2b7eaae"}
[2019-08-08 09:43:26] slim-app.INFO: Slim-Skeleton '/blogs/new' route [] {"uid":"57afab3"}
[2019-08-08 09:46:32] slim-app.INFO: Slim-Skeleton '/' route [] {"uid":"02e1e5c"}
[2019-08-08 09:46:35] slim-app.INFO: Slim-Skeleton '/blogs/slug' route [] {"uid":"3187c2f"}
[2019-08-08 09:46:36] slim-app.INFO: Slim-Skeleton '/blogsslug/edit' route [] {"uid":"3219105"}
[2019-08-08 09:46:40] slim-app.INFO: Slim-Skeleton '/' route [] {"uid":"fe18bc5"}
[2019-08-08 09:46:42] slim-app.INFO: Slim-Skeleton '/blogs/slug' route [] {"uid":"cc66f86"}
[2019-08-08 09:46:43] slim-app.INFO: Slim-Skeleton '/blogsslug/edit' route [] {"uid":"61c2493"}
[2019-08-08 09:52:51] slim-app.INFO: Slim-Skeleton '/' route [] {"uid":"2d83b85"}
[2019-08-08 09:52:54] slim-app.INFO: Slim-Skeleton '/blogs/slug' route [] {"uid":"b9f4c50"}
[2019-08-08 09:52:55] slim-app.INFO: Slim-Skeleton '/blogsslug/edit' route [] {"uid":"8b819a8"}
[2019-08-08 09:53:02] slim-app.INFO: Slim-Skeleton '/' route [] {"uid":"a94b324"}
[2019-08-08 09:53:03] slim-app.INFO: Slim-Skeleton '/blogs/slug' route [] {"uid":"52a5dbf"}
[2019-08-08 09:53:07] slim-app.INFO: Slim-Skeleton '/' route [] {"uid":"94b165c"}
[2019-08-08 09:53:22] slim-app.INFO: Slim-Skeleton '/blogs/slug' route [] {"uid":"5d8ac27"}
[2019-08-08 09:53:22] slim-app.INFO: Slim-Skeleton '/blogs/slug' route [] {"uid":"ef46175"}
[2019-08-08 09:53:24] slim-app.INFO: Slim-Skeleton '/blogsslug/edit' route [] {"uid":"ad3fe2c"}
[2019-08-08 09:54:36] slim-app.INFO: Slim-Skeleton '/blogsslug/edit' route [] {"uid":"05e46a9"}
[2019-08-08 09:54:39] slim-app.INFO: Slim-Skeleton '/blogsslug/edit' route [] {"uid":"4c226cb"}
[2019-08-08 09:55:25] slim-app.INFO: Slim-Skeleton '/blogsslug/edit' route [] {"uid":"29cf718"}
[2019-08-08 09:55:27] slim-app.INFO: Slim-Skeleton '/blogs/new' route [] {"uid":"5bbb8c0"}
[2019-08-08 09:56:56] slim-app.INFO: Slim-Skeleton '/blogs/new' route [] {"uid":"881c1af"}
[2019-08-08 09:56:59] slim-app.INFO: Slim-Skeleton '/' route [] {"uid":"c4de0c4"}
[2019-08-08 09:57:03] slim-app.INFO: Slim-Skeleton '/blogs/slug' route [] {"uid":"f73db40"}
[2019-08-08 09:57:05] slim-app.INFO: Slim-Skeleton '/blogsslug/edit' route [] {"uid":"f39d966"}
[2019-08-08 09:59:16] slim-app.INFO: Slim-Skeleton '/blogsslug/edit' route [] {"uid":"78705d1"}
[2019-08-08 10:00:54] slim-app.INFO: Slim-Skeleton '/blogsslug/edit' route [] {"uid":"6d9e866"}
[2019-08-08 10:00:57] slim-app.INFO: Slim-Skeleton '/blogsslug/edit' route [] {"uid":"027991e"}
[2019-08-08 10:01:07] slim-app.INFO: Slim-Skeleton '/blogsslug/edit' route [] {"uid":"255f77e"}
[2019-08-08 10:06:23] slim-app.INFO: Slim-Skeleton '/blogsslug/edit' route [] {"uid":"54f1833"}
[2019-08-08 10:06:24] slim-app.INFO: Slim-Skeleton '/blogsslug/edit' route [] {"uid":"ec116ce"}
[2019-08-08 10:07:46] slim-app.INFO: Slim-Skeleton '/blogsslug/edit' route [] {"uid":"fb0b5af"}
[2019-08-08 10:08:05] slim-app.INFO: Slim-Skeleton '/blogsslug/edit' route [] {"uid":"10b6403"}
[2019-08-08 10:08:07] slim-app.INFO: Slim-Skeleton '/blogsslug/edit' route [] {"uid":"6c9efc8"}
[2019-08-08 10:08:53] slim-app.INFO: Slim-Skeleton '/blogsslug/edit' route [] {"uid":"1174c3c"}
[2019-08-08 10:08:55] slim-app.INFO: Slim-Skeleton '/blogs/new' route [] {"uid":"780dfc8"}
[2019-08-08 10:09:07] slim-app.INFO: Slim-Skeleton '/' route [] {"uid":"35ee84c"}
[2019-08-08 10:09:11] slim-app.INFO: Slim-Skeleton '/blogs/slug' route [] {"uid":"affbf45"}
[2019-08-08 10:09:12] slim-app.INFO: Slim-Skeleton '/blogsslug/edit' route [] {"uid":"f94e792"}
[2019-08-08 10:09:56] slim-app.INFO: Slim-Skeleton '/blogsslug/edit' route [] {"uid":"2f07dfd"}
[2019-08-08 10:09:59] slim-app.INFO: Slim-Skeleton '/blogsslug/edit' route [] {"uid":"df3d9b6"}
[2019-08-08 10:10:06] slim-app.INFO: Slim-Skeleton '/' route [] {"uid":"7605a29"}
[2019-08-08 10:10:08] slim-app.INFO: Slim-Skeleton '/blogs/slug' route [] {"uid":"0e0bd9e"}
[2019-08-08 10:10:11] slim-app.INFO: Slim-Skeleton '/' route [] {"uid":"5b0e3ad"}
[2019-08-08 10:10:13] slim-app.INFO: Slim-Skeleton '/' route [] {"uid":"4746eaa"}
[2019-08-08 10:10:14] slim-app.INFO: Slim-Skeleton '/blogs/slug' route [] {"uid":"1d9183b"}
[2019-08-08 10:10:39] slim-app.INFO: Slim-Skeleton '/blogsslug/edit' route [] {"uid":"2289815"}
[2019-08-08 10:10:48] slim-app.INFO: Slim-Skeleton '/' route [] {"uid":"b24f746"}
[2019-08-08 10:10:49] slim-app.INFO: Slim-Skeleton '/blogs/slug' route [] {"uid":"1452f5f"}
[2019-08-08 10:14:32] slim-app.INFO: Slim-Skeleton '/' route [] {"uid":"0508026"}
[2019-08-08 10:14:32] slim-app.INFO: Slim-Skeleton '/' route [] {"uid":"389de44"}
[2019-08-08 10:14:33] slim-app.INFO: Slim-Skeleton '/blogs/slug' route [] {"uid":"5cc282c"}
[2019-08-08 10:15:39] slim-app.INFO: Slim-Skeleton '/' route [] {"uid":"a12a033"}
[2019-08-08 10:32:58] slim-app.INFO: Slim-Skeleton '/blogs/slug' route [] {"uid":"90ae817"}
[2019-08-08 10:33:02] slim-app.INFO: Slim-Skeleton '/' route [] {"uid":"243baa6"}
[2019-08-08 10:33:04] slim-app.INFO: Slim-Skeleton '/blogs/slug' route [] {"uid":"17589f0"}
[2019-08-08 10:33:06] slim-app.INFO: Slim-Skeleton '/blogsslug/edit' route [] {"uid":"8dfe5a5"}
[2019-08-08 10:33:30] slim-app.INFO: Slim-Skeleton '/' route [] {"uid":"1375468"}
[2019-08-08 10:33:32] slim-app.INFO: Slim-Skeleton '/blogs/slug' route [] {"uid":"5277948"}
[2019-08-08 10:33:39] slim-app.INFO: Slim-Skeleton '/' route [] {"uid":"0925215"}
[2019-08-08 18:51:45] slim-app.INFO: Slim-Skeleton '/' route [] {"uid":"98362ad"}
[2019-08-08 18:51:52] slim-app.INFO: Slim-Skeleton '/blogs/slug' route [] {"uid":"f6f5d1f"}
[2019-08-08 18:51:53] slim-app.INFO: Slim-Skeleton '/' route [] {"uid":"0805fe9"}
[2019-08-08 18:51:55] slim-app.INFO: Slim-Skeleton '/blogs/slug' route [] {"uid":"8983d21"}
[2019-08-08 18:52:06] slim-app.INFO: Slim-Skeleton '/' route [] {"uid":"055a0bf"}
[2019-08-08 18:53:37] slim-app.INFO: Slim-Skeleton '/blogs/slug' route [] {"uid":"c4ae35d"}
[2019-08-08 18:53:40] slim-app.INFO: Slim-Skeleton '/' route [] {"uid":"0847327"}
[2019-08-08 18:53:42] slim-app.INFO: Slim-Skeleton '/blogs/slug' route [] {"uid":"5d596e9"}
[2019-08-08 18:58:21] slim-app.INFO: Slim-Skeleton '/blogs/slug' route [] {"uid":"9820f86"}
[2019-08-08 18:58:26] slim-app.INFO: Slim-Skeleton '/blogsslug/edit' route [] {"uid":"ad2d90a"}
[2019-08-08 18:58:42] slim-app.INFO: Slim-Skeleton '/' route [] {"uid":"977233c"}
[2019-08-08 18:58:44] slim-app.INFO: Slim-Skeleton '/blogs/slug' route [] {"uid":"b83ad24"}
[2019-08-08 18:58:46] slim-app.INFO: Slim-Skeleton '/blogsslug/edit' route [] {"uid":"5d4096e"}
[2019-08-08 18:58:59] slim-app.INFO: Slim-Skeleton '/' route [] {"uid":"d2480e1"}
[2019-08-08 18:59:01] slim-app.INFO: Slim-Skeleton '/blogs/slug' route [] {"uid":"25fc86d"}
[2019-08-08 18:59:06] slim-app.INFO: Slim-Skeleton '/blogsslug/edit' route [] {"uid":"2b60910"}
[2019-08-08 18:59:10] slim-app.INFO: Slim-Skeleton '/blogsslug/edit' route [] {"uid":"c8db81a"}
[2019-08-08 18:59:28] slim-app.INFO: Slim-Skeleton '/' route [] {"uid":"e0e9c85"}
[2019-08-08 18:59:30] slim-app.INFO: Slim-Skeleton '/blogs/slug' route [] {"uid":"c1068e9"}
[2019-08-08 18:59:33] slim-app.INFO: Slim-Skeleton '/' route [] {"uid":"98af42d"}
[2019-08-08 18:59:35] slim-app.INFO: Slim-Skeleton '/blogs/slug' route [] {"uid":"6ff267e"}
[2019-08-08 19:48:17] slim-app.INFO: Slim-Skeleton '/blogs/slug' route [] {"uid":"9495b34"}
[2019-08-08 20:52:23] slim-app.INFO: Slim-Skeleton '/blogs/slug' route [] {"uid":"baeedb1"}
[2019-08-08 20:53:57] slim-app.INFO: Slim-Skeleton '/blogs/slug' route [] {"uid":"cd3856b"}
[2019-08-08 20:56:09] slim-app.INFO: Slim-Skeleton '/blogs/slug' route [] {"uid":"908654f"}
[2019-08-08 20:56:29] slim-app.INFO: Slim-Skeleton '/blogs/slug' route [] {"uid":"2e1f066"}
[2019-08-08 20:56:33] slim-app.INFO: Slim-Skeleton '/blogs/slug' route [] {"uid":"45e6d61"}
[2019-08-08 21:06:24] slim-app.INFO: Slim-Skeleton '/blogs/slug' route [] {"uid":"6a5541c"}
[2019-08-08 21:07:53] slim-app.INFO: Slim-Skeleton '/blogs/slug' route [] {"uid":"38ab226"}
[2019-08-08 21:08:07] slim-app.INFO: Slim-Skeleton '/blogs/slug' route [] {"uid":"4583bf0"}
[2019-08-08 21:08:37] slim-app.INFO: Slim-Skeleton '/blogs/slug' route [] {"uid":"8ea76d3"}
[2019-08-08 21:10:47] slim-app.INFO: Slim-Skeleton '/blogs/slug' route [] {"uid":"7f6cbd3"}
[2019-08-08 21:13:48] slim-app.INFO: Slim-Skeleton '/blogsslug/edit' route [] {"uid":"f8853ad"}
[2019-08-08 21:13:50] slim-app.INFO: Slim-Skeleton '/' route [] {"uid":"a7f55fc"}
[2019-08-08 21:13:51] slim-app.INFO: Slim-Skeleton '/blogs/slug' route [] {"uid":"b28d9da"}
[2019-08-08 21:13:54] slim-app.INFO: Slim-Skeleton '/' route [] {"uid":"f3cb6c2"}
[2019-08-08 21:13:55] slim-app.INFO: Slim-Skeleton '/blogs/slug' route [] {"uid":"19c248c"}
[2019-08-08 21:15:10] slim-app.INFO: Slim-Skeleton '/blogs/slug' route [] {"uid":"6c0b541"}
[2019-08-08 21:15:11] slim-app.INFO: Slim-Skeleton '/' route [] {"uid":"6568cc3"}
[2019-08-08 21:15:12] slim-app.INFO: Slim-Skeleton '/blogs/slug' route [] {"uid":"4ff24fc"}
[2019-08-08 21:29:16] slim-app.INFO: Slim-Skeleton '/' route [] {"uid":"5ac1171"}
[2019-08-08 21:29:17] slim-app.INFO: Slim-Skeleton '/' route [] {"uid":"93b8913"}
[2019-08-08 21:29:18] slim-app.INFO: Slim-Skeleton '/blogs/slug' route [] {"uid":"93d21c7"}
[2019-08-08 21:34:25] slim-app.INFO: Slim-Skeleton '/blogsslug/edit' route [] {"uid":"593482d"}
[2019-08-08 21:34:51] slim-app.INFO: Slim-Skeleton '/' route [] {"uid":"8fdceef"}
[2019-08-08 21:34:55] slim-app.INFO: Slim-Skeleton '/blogs/slug' route [] {"uid":"5bc8ab9"}
[2019-08-08 21:34:58] slim-app.INFO: Slim-Skeleton '/' route [] {"uid":"1e872ad"}
[2019-08-08 21:34:59] slim-app.INFO: Slim-Skeleton '/blogs/slug' route [] {"uid":"07b336d"}
