[2019-08-05 18:30:25] slim-app.INFO: Slim-Skeleton '/' route [] {"uid":"8d2b53f"}
[2019-08-05 18:30:25] slim-app.INFO: Slim-Skeleton '/' route [] {"uid":"5b9a097"}
[2019-08-05 19:20:34] slim-app.INFO: Slim-Skeleton '/' route [] {"uid":"3524727"}
[2019-08-05 19:20:34] slim-app.INFO: Slim-Skeleton '/' route [] {"uid":"ed6fa71"}
[2019-08-05 19:22:50] slim-app.INFO: Slim-Skeleton '/' route [] {"uid":"586b7da"}
[2019-08-05 19:22:50] slim-app.INFO: Slim-Skeleton '/' route [] {"uid":"c73e865"}
[2019-08-05 19:27:58] slim-app.INFO: Slim-Skeleton '/' route [] {"uid":"59a2eeb"}
[2019-08-05 19:27:59] slim-app.INFO: Slim-Skeleton '/' route [] {"uid":"e740b64"}
[2019-08-05 19:39:57] slim-app.INFO: Slim-Skeleton '/' route [] {"uid":"9f5adef"}
[2019-08-05 19:39:57] slim-app.INFO: Slim-Skeleton '/' route [] {"uid":"7850ab4"}
[2019-08-05 19:40:32] slim-app.INFO: Slim-Skeleton '/' route [] {"uid":"74b7d13"}
[2019-08-05 19:40:33] slim-app.INFO: Slim-Skeleton '/' route [] {"uid":"207379f"}
[2019-08-05 19:40:51] slim-app.INFO: Slim-Skeleton '/' route [] {"uid":"566caff"}
[2019-08-05 19:40:51] slim-app.INFO: Slim-Skeleton '/' route [] {"uid":"dde9650"}
[2019-08-05 19:40:52] slim-app.INFO: Slim-Skeleton '/' route [] {"uid":"2651378"}
[2019-08-05 19:40:52] slim-app.INFO: Slim-Skeleton '/' route [] {"uid":"cb3a4f6"}
[2019-08-05 19:41:21] slim-app.INFO: Slim-Skeleton '/' route [] {"uid":"298e9b3"}
[2019-08-05 19:41:22] slim-app.INFO: Slim-Skeleton '/' route [] {"uid":"804c395"}
[2019-08-05 21:05:24] slim-app.INFO: Slim-Skeleton '/' route [] {"uid":"edcd5b3"}
[2019-08-05 21:05:24] slim-app.INFO: Slim-Skeleton '/' route [] {"uid":"4457ab5"}
[2019-08-05 21:12:33] slim-app.INFO: Slim-Skeleton '/' route [] {"uid":"cabe55e"}
[2019-08-05 21:12:45] slim-app.INFO: Slim-Skeleton '/' route [] {"uid":"64f7781"}
[2019-08-05 21:13:54] slim-app.INFO: Slim-Skeleton '/' route [] {"uid":"b405b05"}
[2019-08-05 21:14:06] slim-app.INFO: Slim-Skeleton '/' route [] {"uid":"355a6a0"}
[2019-08-05 21:14:11] slim-app.INFO: Slim-Skeleton '/' route [] {"uid":"c903258"}
[2019-08-05 21:14:29] slim-app.INFO: Slim-Skeleton '/' route [] {"uid":"cb48e5b"}
[2019-08-05 21:14:36] slim-app.INFO: Slim-Skeleton '/' route [] {"uid":"85decb8"}
[2019-08-05 21:14:43] slim-app.INFO: Slim-Skeleton '/' route [] {"uid":"c607d5d"}
[2019-08-05 21:14:52] slim-app.INFO: Slim-Skeleton '/' route [] {"uid":"5e85644"}
[2019-08-05 21:15:03] slim-app.INFO: Slim-Skeleton '/' route [] {"uid":"5deb964"}
[2019-08-05 21:15:03] slim-app.INFO: Slim-Skeleton '/' route [] {"uid":"b775e11"}
[2019-08-05 21:15:16] slim-app.INFO: Slim-Skeleton '/' route [] {"uid":"20bba3b"}
[2019-08-05 21:16:18] slim-app.INFO: Slim-Skeleton '/' route [] {"uid":"5a107a0"}
[2019-08-05 21:16:28] slim-app.INFO: Slim-Skeleton '/' route [] {"uid":"f4652f3"}
[2019-08-05 21:17:40] slim-app.INFO: Slim-Skeleton '/' route [] {"uid":"bf17113"}
[2019-08-05 21:17:54] slim-app.INFO: Slim-Skeleton '/' route [] {"uid":"373a389"}
[2019-08-05 21:23:00] slim-app.INFO: Slim-Skeleton '/' route [] {"uid":"10fce1b"}
[2019-08-05 21:23:02] slim-app.INFO: Slim-Skeleton '/new' route [] {"uid":"2d16edb"}
[2019-08-05 21:28:19] slim-app.INFO: Slim-Skeleton '/' route [] {"uid":"2516f68"}
[2019-08-05 21:28:19] slim-app.INFO: Slim-Skeleton '/' route [] {"uid":"cd41264"}
[2019-08-05 21:33:13] slim-app.INFO: Slim-Skeleton '/' route [] {"uid":"b00bcd8"}
[2019-08-05 21:33:15] slim-app.INFO: Slim-Skeleton '/new' route [] {"uid":"c7d1d42"}
[2019-08-05 21:33:54] slim-app.INFO: Slim-Skeleton '/new' route [] {"uid":"d2df62b"}
[2019-08-05 21:33:56] slim-app.INFO: Slim-Skeleton '/' route [] {"uid":"9424c8d"}
[2019-08-05 21:34:40] slim-app.INFO: Slim-Skeleton '/' route [] {"uid":"6e168db"}
[2019-08-05 21:34:41] slim-app.INFO: Slim-Skeleton '/new' route [] {"uid":"19aa28d"}
[2019-08-05 21:34:57] slim-app.INFO: Slim-Skeleton '/new' route [] {"uid":"96e6a3d"}
[2019-08-05 21:35:30] slim-app.INFO: Slim-Skeleton '/' route [] {"uid":"bf85b3e"}
[2019-08-05 21:36:06] slim-app.INFO: Slim-Skeleton '/new' route [] {"uid":"26954a3"}
[2019-08-05 21:36:13] slim-app.INFO: Slim-Skeleton '/new' route [] {"uid":"d5fe878"}
[2019-08-05 21:36:14] slim-app.INFO: Slim-Skeleton '/' route [] {"uid":"2d177cd"}
[2019-08-05 21:37:38] slim-app.INFO: Slim-Skeleton '/new' route [] {"uid":"4c25fbc"}
[2019-08-05 21:45:30] slim-app.INFO: Slim-Skeleton '/new' route [] {"uid":"ff12c3f"}
[2019-08-05 21:45:34] slim-app.INFO: Slim-Skeleton '/new' route [] {"uid":"bae7bc2"}
[2019-08-05 21:45:36] slim-app.INFO: Slim-Skeleton '/' route [] {"uid":"2cbd8e5"}
[2019-08-05 21:46:08] slim-app.INFO: Slim-Skeleton '/new' route [] {"uid":"959d74e"}
[2019-08-05 21:46:10] slim-app.INFO: Slim-Skeleton '/' route [] {"uid":"d8ca14b"}
[2019-08-05 21:46:11] slim-app.INFO: Slim-Skeleton '/new' route [] {"uid":"3c6a71c"}
[2019-08-05 21:46:16] slim-app.INFO: Slim-Skeleton '/new' route [] {"uid":"dd6b4b8"}
[2019-08-05 21:46:29] slim-app.INFO: Slim-Skeleton '/new' route [] {"uid":"ba5d1eb"}
[2019-08-05 21:46:30] slim-app.INFO: Slim-Skeleton '/new' route [] {"uid":"545800f"}
[2019-08-05 21:46:32] slim-app.INFO: Slim-Skeleton '/' route [] {"uid":"6c92642"}
[2019-08-05 21:46:33] slim-app.INFO: Slim-Skeleton '/new' route [] {"uid":"4f68621"}
[2019-08-05 21:46:35] slim-app.INFO: Slim-Skeleton '/' route [] {"uid":"fc47971"}
[2019-08-05 21:46:37] slim-app.INFO: Slim-Skeleton '/new' route [] {"uid":"6e74e7c"}
[2019-08-05 21:46:39] slim-app.INFO: Slim-Skeleton '/new' route [] {"uid":"1458201"}
[2019-08-05 21:46:43] slim-app.INFO: Slim-Skeleton '/' route [] {"uid":"1232d22"}
[2019-08-05 21:47:20] slim-app.INFO: Slim-Skeleton '/' route [] {"uid":"6a2eb3e"}
[2019-08-05 21:47:21] slim-app.INFO: Slim-Skeleton '/new' route [] {"uid":"2784b63"}
[2019-08-05 21:47:24] slim-app.INFO: Slim-Skeleton '/' route [] {"uid":"cf99044"}
[2019-08-05 21:47:24] slim-app.INFO: Slim-Skeleton '/new' route [] {"uid":"8f8ce1c"}
[2019-08-05 21:47:26] slim-app.INFO: Slim-Skeleton '/new' route [] {"uid":"17205e7"}
[2019-08-05 21:48:14] slim-app.INFO: Slim-Skeleton '/blogs/new' route [] {"uid":"ab4e33a"}
[2019-08-05 21:48:16] slim-app.INFO: Slim-Skeleton '/' route [] {"uid":"09fc81f"}
[2019-08-05 21:48:17] slim-app.INFO: Slim-Skeleton '/new' route [] {"uid":"1e71329"}
[2019-08-05 21:48:38] slim-app.INFO: Slim-Skeleton '/' route [] {"uid":"56d9135"}
[2019-08-05 21:48:39] slim-app.INFO: Slim-Skeleton '/' route [] {"uid":"ce44565"}
[2019-08-05 21:49:05] slim-app.INFO: Slim-Skeleton '/blogs/new' route [] {"uid":"96e7546"}
[2019-08-05 21:49:56] slim-app.INFO: Slim-Skeleton '/' route [] {"uid":"ff0980d"}
[2019-08-05 21:49:58] slim-app.INFO: Slim-Skeleton '/blogs/new' route [] {"uid":"faabcd2"}
[2019-08-05 21:50:00] slim-app.INFO: Slim-Skeleton '/' route [] {"uid":"3c2a65c"}
[2019-08-05 21:50:02] slim-app.INFO: Slim-Skeleton '/new' route [] {"uid":"248b5d0"}
[2019-08-05 21:50:03] slim-app.INFO: Slim-Skeleton '/blogs/new' route [] {"uid":"c474c37"}
[2019-08-05 21:50:05] slim-app.INFO: Slim-Skeleton '/' route [] {"uid":"da9acc9"}
[2019-08-05 21:50:16] slim-app.INFO: Slim-Skeleton '/new' route [] {"uid":"f79203b"}
[2019-08-05 21:52:25] slim-app.INFO: Slim-Skeleton '/blogs/id' route [] {"uid":"d1c9329"}
[2019-08-05 21:52:53] slim-app.INFO: Slim-Skeleton '/blogs/id' route [] {"uid":"6bab66c"}
[2019-08-05 21:52:54] slim-app.INFO: Slim-Skeleton '/blogs/id/edit' route [] {"uid":"d114f64"}
[2019-08-05 21:53:34] slim-app.INFO: Slim-Skeleton '/' route [] {"uid":"d24caef"}
[2019-08-05 21:53:36] slim-app.INFO: Slim-Skeleton '/blogs/new' route [] {"uid":"d6c439b"}
[2019-08-05 21:53:41] slim-app.INFO: Slim-Skeleton '/' route [] {"uid":"1039afe"}
[2019-08-05 21:53:42] slim-app.INFO: Slim-Skeleton '/blogs/id' route [] {"uid":"d4a9787"}
[2019-08-05 21:53:44] slim-app.INFO: Slim-Skeleton '/blogs/id/edit' route [] {"uid":"ea2ec41"}
[2019-08-05 21:53:46] slim-app.INFO: Slim-Skeleton '/blogs/new' route [] {"uid":"1ab0bb4"}
[2019-08-05 21:53:49] slim-app.INFO: Slim-Skeleton '/' route [] {"uid":"6e0962d"}
[2019-08-05 22:04:35] slim-app.INFO: Slim-Skeleton '/' route [] {"uid":"ceb94c4"}
[2019-08-05 22:04:36] slim-app.INFO: Slim-Skeleton '/blogs/new' route [] {"uid":"2b5a4ec"}
[2019-08-05 22:04:37] slim-app.INFO: Slim-Skeleton '/' route [] {"uid":"83f10b2"}
[2019-08-05 22:04:52] slim-app.INFO: Slim-Skeleton '/' route [] {"uid":"11210b4"}
[2019-08-05 22:06:47] slim-app.INFO: Slim-Skeleton '/' route [] {"uid":"01b0994"}
[2019-08-05 22:08:39] slim-app.INFO: Slim-Skeleton '/blogs/id' route [] {"uid":"a71afd8"}
[2019-08-05 22:08:41] slim-app.INFO: Slim-Skeleton '/blogs/id/edit' route [] {"uid":"d5def2e"}
[2019-08-05 22:09:48] slim-app.INFO: Slim-Skeleton '/blogs/id/edit' route [] {"uid":"6f323c8"}
[2019-08-05 22:10:37] slim-app.INFO: Slim-Skeleton '/blogs/id/edit' route [] {"uid":"d95b017"}
[2019-08-05 22:11:01] slim-app.INFO: Slim-Skeleton '/blogs/id/edit' route [] {"uid":"3c36151"}
[2019-08-05 22:11:03] slim-app.INFO: Slim-Skeleton '/blogs/new' route [] {"uid":"674ca1f"}
[2019-08-05 22:11:38] slim-app.INFO: Slim-Skeleton '/blogs/new' route [] {"uid":"eed6514"}
[2019-08-05 22:11:50] slim-app.INFO: Slim-Skeleton '/blogs/new' route [] {"uid":"03ecad7"}
[2019-08-05 22:11:52] slim-app.INFO: Slim-Skeleton '/blogs/new' route [] {"uid":"128042f"}
[2019-08-05 22:11:53] slim-app.INFO: Slim-Skeleton '/' route [] {"uid":"dbd447c"}
[2019-08-05 22:11:54] slim-app.INFO: Slim-Skeleton '/blogs/id' route [] {"uid":"9c0dc57"}
[2019-08-05 22:11:56] slim-app.INFO: Slim-Skeleton '/blogs/id/edit' route [] {"uid":"0fc48f1"}
[2019-08-05 22:11:58] slim-app.INFO: Slim-Skeleton '/blogs/new' route [] {"uid":"fd7bc6e"}
[2019-08-06 07:45:19] slim-app.INFO: Slim-Skeleton '/' route [] {"uid":"803ea16"}
[2019-08-06 07:45:22] slim-app.INFO: Slim-Skeleton '/blogs/new' route [] {"uid":"72759c8"}
[2019-08-06 07:45:23] slim-app.INFO: Slim-Skeleton '/' route [] {"uid":"8451ce4"}
